Build started 29.9.2017 01:28:13.
     1>Project "C:\Users\Burak\Documents\Visual Studio 2015\Projects\rope physics\rope physics\rope physics.vcxproj" on node 2 (Build target(s)).
     1>ClCompile:
         C:\Program Files (x86)\Microsoft Visual Studio 14.0\VC\bin\CL.exe /c /Zi /nologo /W3 /WX- /sdl /O2 /Oi /Oy- /GL /D _MBCS /Gm- /EHsc /MD /GS /Gy /fp:precise /Zc:wchar_t /Zc:forScope /Zc:inline /Fo"Release\\" /Fd"Release\vc140.pdb" /Gd /TP /analyze- /errorReport:prompt Rope.cpp
         Rope.cpp
     1>Rope.cpp(13): warning C4244: 'argument': conversion from 'int' to 'float', possible loss of data
     1>Rope.cpp(20): warning C4018: '<': signed/unsigned mismatch
       Link:
         C:\Program Files (x86)\Microsoft Visual Studio 14.0\VC\bin\link.exe /ERRORREPORT:PROMPT /OUT:"C:\Users\Burak\Documents\Visual Studio 2015\Projects\rope physics\Release\rope physics.exe" /NOLOGO kernel32.lib user32.lib gdi32.lib winspool.lib comdlg32.lib advapi32.lib shell32.lib ole32.lib oleaut32.lib uuid.lib odbc32.lib odbccp32.lib /MANIFEST /MANIFESTUAC:"level='asInvoker' uiAccess='false'" /manifest:embed /Debug /PDB:"C:\Users\Burak\Documents\Visual Studio 2015\Projects\rope physics\Release\rope physics.pdb" /OPT:REF /OPT:ICF /LTCG:incremental /TLBID:1 /DYNAMICBASE /NXCOMPAT /IMPLIB:"C:\Users\Burak\Documents\Visual Studio 2015\Projects\rope physics\Release\rope physics.lib" /MACHINE:X86 /SAFESEH Release\Graph.obj
         Release\Joint.obj
         Release\main.obj
         Release\Rope.obj
         Generating code
         0 of 115 functions ( 0.0%) were compiled, the rest were copied from previous compilation.
           0 functions were new in current compilation
           0 functions had inline decision re-evaluated but remain unchanged
         Finished generating code
         rope physics.vcxproj -> C:\Users\Burak\Documents\Visual Studio 2015\Projects\rope physics\Release\rope physics.exe
     1>Done Building Project "C:\Users\Burak\Documents\Visual Studio 2015\Projects\rope physics\rope physics\rope physics.vcxproj" (Build target(s)).

Build succeeded.

Time Elapsed 00:00:01.18
