c:\users\burak\documents\vısual studıo 2015\projects\rope physıcs\rope physıcs\debug\vc140.pdb
c:\users\burak\documents\vısual studıo 2015\projects\rope physıcs\rope physıcs\debug\vc140.ıdb
c:\users\burak\documents\vısual studıo 2015\projects\rope physıcs\rope physıcs\debug\graphıcs.obj
c:\users\burak\documents\vısual studıo 2015\projects\rope physıcs\rope physıcs\debug\joınt.obj
c:\users\burak\documents\vısual studıo 2015\projects\rope physıcs\rope physıcs\debug\rope.obj
c:\users\burak\documents\vısual studıo 2015\projects\rope physıcs\rope physıcs\debug\maın.obj
c:\users\burak\documents\visual studio 2015\projects\rope physics\rope physics\debug\graphics.obj
c:\users\burak\documents\visual studio 2015\projects\rope physics\rope physics\debug\joint.obj
c:\users\burak\documents\visual studio 2015\projects\rope physics\rope physics\debug\main.obj
c:\users\burak\documents\visual studio 2015\projects\rope physics\rope physics\debug\rope.obj
c:\users\burak\documents\visual studio 2015\projects\rope physics\rope physics\debug\vc140.idb
c:\users\burak\documents\visual studio 2015\projects\rope physics\rope physics\debug\vc140.pdb
c:\users\burak\documents\visual studio 2015\projects\rope physics\debug\rope physics.pdb
c:\users\burak\documents\visual studio 2015\projects\rope physics\rope physics\debug\rope physics.tlog\cl.command.1.tlog
c:\users\burak\documents\visual studio 2015\projects\rope physics\rope physics\debug\rope physics.tlog\cl.read.1.tlog
c:\users\burak\documents\visual studio 2015\projects\rope physics\rope physics\debug\rope physics.tlog\cl.write.1.tlog
c:\users\burak\documents\visual studio 2015\projects\rope physics\rope physics\debug\rope physics.tlog\link-cvtres.read.1.tlog
c:\users\burak\documents\visual studio 2015\projects\rope physics\rope physics\debug\rope physics.tlog\link-cvtres.write.1.tlog
c:\users\burak\documents\visual studio 2015\projects\rope physics\rope physics\debug\rope physics.tlog\link-rc.read.1.tlog
c:\users\burak\documents\visual studio 2015\projects\rope physics\rope physics\debug\rope physics.tlog\link-rc.write.1.tlog
c:\users\burak\documents\visual studio 2015\projects\rope physics\rope physics\debug\rope physics.tlog\link.command.1.tlog
c:\users\burak\documents\visual studio 2015\projects\rope physics\rope physics\debug\rope physics.tlog\link.read.1.tlog
c:\users\burak\documents\visual studio 2015\projects\rope physics\rope physics\debug\rope physics.tlog\link.write.1.tlog
